<?xml version="1.0" encoding="UTF-8"?>
<testsuite name="GameMethodsTest" tests="1" skipped="0" failures="0" errors="0" timestamp="2022-06-07T13:25:56" hostname="MSI" time="0.021">
  <properties/>
  <testcase name="shouldReturnRandomNumber()" classname="GameMethodsTest" time="0.021"/>
  <system-out><![CDATA[66
]]></system-out>
  <system-err><![CDATA[]]></system-err>
</testsuite>
